0 info it worked if it ends with ok
1 verbose cli [ '/usr/local/Cellar/node/6.2.1/bin/node',
1 verbose cli   '/usr/local/bin/npm',
1 verbose cli   'install',
1 verbose cli   '--save',
1 verbose cli   'babel-core,',
1 verbose cli   'babel-loader,',
1 verbose cli   'babel-preset-es2015,',
1 verbose cli   'babel-preset-react' ]
2 info using npm@3.9.3
3 info using node@v6.2.1
4 silly loadCurrentTree Starting
5 silly install loadCurrentTree
6 silly install readLocalPackageData
7 silly fetchPackageMetaData babel-core,
8 silly fetchPackageMetaData babel-loader,
9 silly fetchPackageMetaData babel-preset-es2015,
10 silly fetchPackageMetaData babel-preset-react
11 silly fetchOtherPackageData babel-core,
12 silly cache add args [ 'babel-core,', null ]
13 verbose cache add spec babel-core,
14 silly fetchOtherPackageData babel-loader,
15 silly cache add args [ 'babel-loader,', null ]
16 verbose cache add spec babel-loader,
17 silly fetchOtherPackageData babel-preset-es2015,
18 silly cache add args [ 'babel-preset-es2015,', null ]
19 verbose cache add spec babel-preset-es2015,
20 silly fetchNamedPackageData babel-preset-react
21 silly mapToRegistry name babel-preset-react
22 silly mapToRegistry using default registry
23 silly mapToRegistry registry https://registry.npmjs.org/
24 silly mapToRegistry data Result {
24 silly mapToRegistry   raw: 'babel-preset-react',
24 silly mapToRegistry   scope: null,
24 silly mapToRegistry   name: 'babel-preset-react',
24 silly mapToRegistry   rawSpec: '',
24 silly mapToRegistry   spec: 'latest',
24 silly mapToRegistry   type: 'tag' }
25 silly mapToRegistry uri https://registry.npmjs.org/babel-preset-react
26 silly cache add parsed spec Result {
26 silly cache add   raw: 'babel-core,',
26 silly cache add   scope: null,
26 silly cache add   name: null,
26 silly cache add   rawSpec: 'babel-core,',
26 silly cache add   spec: '/Users/kattelles/Desktop/Shuffle/babel-core,',
26 silly cache add   type: 'local' }
27 silly cache add parsed spec Result {
27 silly cache add   raw: 'babel-loader,',
27 silly cache add   scope: null,
27 silly cache add   name: null,
27 silly cache add   rawSpec: 'babel-loader,',
27 silly cache add   spec: '/Users/kattelles/Desktop/Shuffle/babel-loader,',
27 silly cache add   type: 'local' }
28 silly cache add parsed spec Result {
28 silly cache add   raw: 'babel-preset-es2015,',
28 silly cache add   scope: null,
28 silly cache add   name: null,
28 silly cache add   rawSpec: 'babel-preset-es2015,',
28 silly cache add   spec: '/Users/kattelles/Desktop/Shuffle/babel-preset-es2015,',
28 silly cache add   type: 'local' }
29 error addLocal Could not install /Users/kattelles/Desktop/Shuffle/babel-core,
30 silly fetchPackageMetaData Error: ENOENT: no such file or directory, open '/Users/kattelles/Desktop/Shuffle/babel-core,'
30 silly fetchPackageMetaData     at Error (native)
30 silly fetchPackageMetaData  error for babel-core, { Error: ENOENT: no such file or directory, open '/Users/kattelles/Desktop/Shuffle/babel-core,'
30 silly fetchPackageMetaData     at Error (native)
30 silly fetchPackageMetaData   errno: -2,
30 silly fetchPackageMetaData   code: 'ENOENT',
30 silly fetchPackageMetaData   syscall: 'open',
30 silly fetchPackageMetaData   path: '/Users/kattelles/Desktop/Shuffle/babel-core,' }
31 error addLocal Could not install /Users/kattelles/Desktop/Shuffle/babel-loader,
32 silly fetchPackageMetaData Error: ENOENT: no such file or directory, open '/Users/kattelles/Desktop/Shuffle/babel-loader,'
32 silly fetchPackageMetaData     at Error (native)
32 silly fetchPackageMetaData  error for babel-loader, { Error: ENOENT: no such file or directory, open '/Users/kattelles/Desktop/Shuffle/babel-loader,'
32 silly fetchPackageMetaData     at Error (native)
32 silly fetchPackageMetaData   errno: -2,
32 silly fetchPackageMetaData   code: 'ENOENT',
32 silly fetchPackageMetaData   syscall: 'open',
32 silly fetchPackageMetaData   path: '/Users/kattelles/Desktop/Shuffle/babel-loader,' }
33 error addLocal Could not install /Users/kattelles/Desktop/Shuffle/babel-preset-es2015,
34 silly fetchPackageMetaData Error: ENOENT: no such file or directory, open '/Users/kattelles/Desktop/Shuffle/babel-preset-es2015,'
34 silly fetchPackageMetaData     at Error (native)
34 silly fetchPackageMetaData  error for babel-preset-es2015, { Error: ENOENT: no such file or directory, open '/Users/kattelles/Desktop/Shuffle/babel-preset-es2015,'
34 silly fetchPackageMetaData     at Error (native)
34 silly fetchPackageMetaData   errno: -2,
34 silly fetchPackageMetaData   code: 'ENOENT',
34 silly fetchPackageMetaData   syscall: 'open',
34 silly fetchPackageMetaData   path: '/Users/kattelles/Desktop/Shuffle/babel-preset-es2015,' }
35 verbose request uri https://registry.npmjs.org/babel-preset-react
36 verbose request no auth needed
37 info attempt registry request try #1 at 6:16:51 PM
38 verbose request id 1cb74c3cb9924796
39 verbose etag "477HVCW7OXYJJODE0BXPHI3I5"
40 http request GET https://registry.npmjs.org/babel-preset-react
41 http 200 https://registry.npmjs.org/babel-preset-react
42 verbose headers { server: 'CouchDB/1.6.1 (Erlang OTP/R16B03)',
42 verbose headers   etag: '"DFEHWR0H47RBK87ZXX9OHI0N7"',
42 verbose headers   'content-type': 'application/json',
42 verbose headers   'content-encoding': 'gzip',
42 verbose headers   'cache-control': 'max-age=300',
42 verbose headers   'content-length': '2860',
42 verbose headers   'accept-ranges': 'bytes',
42 verbose headers   date: 'Thu, 21 Jul 2016 01:16:38 GMT',
42 verbose headers   via: '1.1 varnish',
42 verbose headers   age: '0',
42 verbose headers   connection: 'keep-alive',
42 verbose headers   'x-served-by': 'cache-sea1925-SEA',
42 verbose headers   'x-cache': 'HIT',
42 verbose headers   'x-cache-hits': '1',
42 verbose headers   'x-timer': 'S1469063798.525853,VS0,VE328',
42 verbose headers   vary: 'Accept-Encoding' }
43 silly get cb [ 200,
43 silly get   { server: 'CouchDB/1.6.1 (Erlang OTP/R16B03)',
43 silly get     etag: '"DFEHWR0H47RBK87ZXX9OHI0N7"',
43 silly get     'content-type': 'application/json',
43 silly get     'content-encoding': 'gzip',
43 silly get     'cache-control': 'max-age=300',
43 silly get     'content-length': '2860',
43 silly get     'accept-ranges': 'bytes',
43 silly get     date: 'Thu, 21 Jul 2016 01:16:38 GMT',
43 silly get     via: '1.1 varnish',
43 silly get     age: '0',
43 silly get     connection: 'keep-alive',
43 silly get     'x-served-by': 'cache-sea1925-SEA',
43 silly get     'x-cache': 'HIT',
43 silly get     'x-cache-hits': '1',
43 silly get     'x-timer': 'S1469063798.525853,VS0,VE328',
43 silly get     vary: 'Accept-Encoding' } ]
44 verbose get saving babel-preset-react to /Users/kattelles/.npm/registry.npmjs.org/babel-preset-react/.cache.json
45 verbose correctMkdir /Users/kattelles/.npm correctMkdir not in flight; initializing
46 silly rollbackFailedOptional Starting
47 silly rollbackFailedOptional Finishing
48 silly runTopLevelLifecycles Starting
49 silly runTopLevelLifecycles Finishing
50 silly install printInstalled
51 verbose stack Error: ENOENT: no such file or directory, open '/Users/kattelles/Desktop/Shuffle/babel-core,'
51 verbose stack     at Error (native)
52 verbose cwd /Users/kattelles/Desktop/Shuffle
53 error Darwin 15.3.0
54 error argv "/usr/local/Cellar/node/6.2.1/bin/node" "/usr/local/bin/npm" "install" "--save" "babel-core," "babel-loader," "babel-preset-es2015," "babel-preset-react"
55 error node v6.2.1
56 error npm  v3.9.3
57 error path /Users/kattelles/Desktop/Shuffle/babel-core,
58 error code ENOENT
59 error errno -2
60 error syscall open
61 error enoent ENOENT: no such file or directory, open '/Users/kattelles/Desktop/Shuffle/babel-core,'
62 error enoent ENOENT: no such file or directory, open '/Users/kattelles/Desktop/Shuffle/babel-core,'
62 error enoent This is most likely not a problem with npm itself
62 error enoent and is related to npm not being able to find a file.
63 verbose exit [ -2, true ]
